<?xml version="1.0" encoding="UTF-8"?>
<!-- Generated by org.testng.reporters.JUnitReportReporter -->
<testsuite hostname="LAPTOP-LMKCGGE4" failures="0" tests="10" name="testing.StringCalculatorTest" time="0.013" errors="0" timestamp="2022-09-09T20:09:03 IST" skipped="0">
  <testcase classname="testing.StringCalculatorTest" name="testAddStringNumbers" time="0.000"/>
  <system-out/>
  <testcase classname="testing.StringCalculatorTest" name="testEmptyString" time="0.001"/>
  <system-out/>
  <testcase classname="testing.StringCalculatorTest" name="testNegativeNumber" time="0.001"/>
  <system-out/>
  <testcase classname="testing.StringCalculatorTest" name="testOtherDelimiter" time="0.001"/>
  <system-out/>
  <testcase classname="testing.StringCalculatorTest" name="testAddOneNumber" time="0.000"/>
  <system-out/>
  <testcase classname="testing.StringCalculatorTest" name="testOverThousand" time="0.001"/>
  <system-out/>
  <testcase classname="testing.StringCalculatorTest" name="supportOddEvenAddition" time="0.006"/>
  <system-out/>
  <testcase classname="testing.StringCalculatorTest" name="testAddAlphabets" time="0.001"/>
  <system-out/>
  <testcase classname="testing.StringCalculatorTest" name="testNewLine" time="0.001"/>
  <system-out/>
  <testcase classname="testing.StringCalculatorTest" name="testAddMultipleNumbers" time="0.001"/>
  <system-out/>
</testsuite> <!-- testing.StringCalculatorTest -->
